> Task :app:preBuild UP-TO-DATE
> Task :app:preDebugBuild UP-TO-DATE
> Task :app:mergeDebugNativeDebugMetadata NO-SOURCE
> Task :app:checkKotlinGradlePluginConfigurationErrors SKIPPED
> Task :app:checkDebugAarMetadata UP-TO-DATE
> Task :app:processDebugNavigationResources UP-TO-DATE
> Task :app:compileDebugNavigationResources UP-TO-DATE
> Task :app:generateDebugResValues UP-TO-DATE
> Task :app:mapDebugSourceSetPaths UP-TO-DATE
> Task :app:generateDebugResources UP-TO-DATE
> Task :app:mergeDebugResources UP-TO-DATE
> Task :app:packageDebugResources UP-TO-DATE
> Task :app:parseDebugLocalResources UP-TO-DATE
> Task :app:createDebugCompatibleScreenManifests UP-TO-DATE
> Task :app:extractDeepLinksDebug UP-TO-DATE
> Task :app:processDebugMainManifest UP-TO-DATE
> Task :app:processDebugManifest UP-TO-DATE
> Task :app:processDebugManifestForPackage UP-TO-DATE
> Task :app:processDebugResources UP-TO-DATE
> Task :app:kspDebugKotlin UP-TO-DATE
> Task :app:javaPreCompileDebug UP-TO-DATE
> Task :app:mergeDebugShaders UP-TO-DATE
> Task :app:compileDebugShaders NO-SOURCE
> Task :app:generateDebugAssets UP-TO-DATE
> Task :app:mergeDebugAssets UP-TO-DATE
> Task :app:compressDebugAssets UP-TO-DATE
> Task :app:checkDebugDuplicateClasses UP-TO-DATE
> Task :app:desugarDebugFileDependencies UP-TO-DATE
> Task :app:mergeExtDexDebug UP-TO-DATE
> Task :app:mergeLibDexDebug UP-TO-DATE
> Task :app:mergeDebugJniLibFolders UP-TO-DATE
> Task :app:mergeDebugNativeLibs UP-TO-DATE
> Task :app:stripDebugDebugSymbols UP-TO-DATE
> Task :app:validateSigningDebug UP-TO-DATE
> Task :app:writeDebugAppMetadata UP-TO-DATE
> Task :app:writeDebugSigningConfigVersions UP-TO-DATE

> Task :app:compileDebugKotlin FAILED
./gradlew : e: file:///D:/
Projects/JikanAPI/app/src/
main/java/com/jikanAPI/Mai
nActivity.kt:14:17 
Unresolved reference 
'navigation'.
At line:1 char:1
+ ./gradlew assembleDebug 
--stacktrace 2>&1 | 
Out-File -Encoding utf8 b 
...
+ ~~~~~~~~~~~~~~~~~~~~~~~~
~~~~~~~~~~~~~~~~~
    + CategoryInfo        
      : NotSpecified: (e  
  : file:///D:/P...e 'n   
 avigation'.:String) [    
], RemoteException
    + FullyQualifiedError 
   Id : NativeCommandErr  
  or
 
e: file:///D:/Projects/Jik
anAPI/app/src/main/java/co
m/jikanAPI/MainActivity.kt
:15:17 Unresolved 
reference 'navigation'.
e: file:///D:/Projects/Jik
anAPI/app/src/main/java/co
m/jikanAPI/MainActivity.kt
:16:17 Unresolved 
reference 'navigation'.
e: file:///D:/Projects/Jik
anAPI/app/src/main/java/co
m/jikanAPI/MainActivity.kt
:30:37 Unresolved 
reference 
'rememberNavController'.
e: file:///D:/Projects/Jik
anAPI/app/src/main/java/co
m/jikanAPI/MainActivity.kt
:31:17 Unresolved 
reference 'NavHost'.
e: file:///D:/Projects/Jik
anAPI/app/src/main/java/co
m/jikanAPI/MainActivity.kt
:34:19 Unresolved 
reference 'composable'.
e: file:///D:/Projects/Jik
anAPI/app/src/main/java/co
m/jikanAPI/MainActivity.kt
:35:21 Unresolved 
reference 'composable'.
e: file:///D:/Projects/Jik
anAPI/app/src/main/java/co
m/jikanAPI/MainActivity.kt
:36:25 @Composable 
invocations can only 
happen from the context 
of a @Composable function
e: file:///D:/Projects/Jik
anAPI/app/src/main/java/co
m/jikanAPI/MainActivity.kt
:38:21 Unresolved 
reference 'composable'.
e: file:///D:/Projects/Jik
anAPI/app/src/main/java/co
m/jikanAPI/MainActivity.kt
:39:25 @Composable 
invocations can only 
happen from the context 
of a @Composable function
e: file:///D:/Projects/Jik
anAPI/app/src/main/java/co
m/jikanAPI/data/local/Anim
eDao.kt:3:17 Unresolved 
reference 'room'.
e: file:///D:/Projects/Jik
anAPI/app/src/main/java/co
m/jikanAPI/data/local/Anim
eDao.kt:4:17 Unresolved 
reference 'room'.
e: file:///D:/Projects/Jik
anAPI/app/src/main/java/co
m/jikanAPI/data/local/Anim
eDao.kt:5:17 Unresolved 
reference 'room'.
e: file:///D:/Projects/Jik
anAPI/app/src/main/java/co
m/jikanAPI/data/local/Anim
eDao.kt:6:17 Unresolved 
reference 'room'.
e: file:///D:/Projects/Jik
anAPI/app/src/main/java/co
m/jikanAPI/data/local/Anim
eDao.kt:9:2 Unresolved 
reference 'Dao'.
e: file:///D:/Projects/Jik
anAPI/app/src/main/java/co
m/jikanAPI/data/local/Anim
eDao.kt:11:6 Unresolved 
reference 'Insert'.
e: file:///D:/Projects/Jik
anAPI/app/src/main/java/co
m/jikanAPI/data/local/Anim
eDao.kt:11:26 Unresolved 
reference 
'OnConflictStrategy'.
e: file:///D:/Projects/Jik
anAPI/app/src/main/java/co
m/jikanAPI/data/local/Anim
eDao.kt:14:6 Unresolved 
reference 'Insert'.
e: file:///D:/Projects/Jik
anAPI/app/src/main/java/co
m/jikanAPI/data/local/Anim
eDao.kt:14:26 Unresolved 
reference 
'OnConflictStrategy'.
e: file:///D:/Projects/Jik
anAPI/app/src/main/java/co
m/jikanAPI/data/local/Anim
eDao.kt:17:6 Unresolved 
reference 'Query'.
e: file:///D:/Projects/Jik
anAPI/app/src/main/java/co
m/jikanAPI/data/local/Anim
eDao.kt:20:6 Unresolved 
reference 'Query'.
e: file:///D:/Projects/Jik
anAPI/app/src/main/java/co
m/jikanAPI/data/local/Anim
eDao.kt:23:6 Unresolved 
reference 'Query'.
e: file:///D:/Projects/Jik
anAPI/app/src/main/java/co
m/jikanAPI/data/local/Anim
eDatabase.kt:3:17 
Unresolved reference 
'room'.
e: file:///D:/Projects/Jik
anAPI/app/src/main/java/co
m/jikanAPI/data/local/Anim
eDatabase.kt:4:17 
Unresolved reference 
'room'.
e: file:///D:/Projects/Jik
anAPI/app/src/main/java/co
m/jikanAPI/data/local/Anim
eDatabase.kt:7:2 
Unresolved reference 
'Database'.
e: file:///D:/Projects/Jik
anAPI/app/src/main/java/co
m/jikanAPI/data/local/Anim
eDatabase.kt:11:32 
Unresolved reference 
'RoomDatabase'.
e: file:///D:/Projects/Jik
anAPI/app/src/main/java/co
m/jikanAPI/data/local/enti
ty/AnimeEntity.kt:3:17 
Unresolved reference 
'room'.
e: file:///D:/Projects/Jik
anAPI/app/src/main/java/co
m/jikanAPI/data/local/enti
ty/AnimeEntity.kt:4:17 
Unresolved reference 
'room'.
e: file:///D:/Projects/Jik
anAPI/app/src/main/java/co
m/jikanAPI/data/local/enti
ty/AnimeEntity.kt:7:2 
Unresolved reference 
'Entity'.
e: file:///D:/Projects/Jik
anAPI/app/src/main/java/co
m/jikanAPI/data/local/enti
ty/AnimeEntity.kt:9:6 
Unresolved reference 
'PrimaryKey'.
e: file:///D:/Projects/Jik
anAPI/app/src/main/java/co
m/jikanAPI/data/remote/Jik
anApi.kt:5:8 Unresolved 
reference 'retrofit2'.
e: file:///D:/Projects/Jik
anAPI/app/src/main/java/co
m/jikanAPI/data/remote/Jik
anApi.kt:6:8 Unresolved 
reference 'retrofit2'.
e: file:///D:/Projects/Jik
anAPI/app/src/main/java/co
m/jikanAPI/data/remote/Jik
anApi.kt:10:6 Unresolved 
reference 'GET'.
e: file:///D:/Projects/Jik
anAPI/app/src/main/java/co
m/jikanAPI/data/remote/Jik
anApi.kt:13:6 Unresolved 
reference 'GET'.
e: file:///D:/Projects/Jik
anAPI/app/src/main/java/co
m/jikanAPI/data/remote/Jik
anApi.kt:14:34 Unresolved 
reference 'Path'.
e: file:///D:/Projects/Jik
anAPI/app/src/main/java/co
m/jikanAPI/data/remote/dto
/AnimeDto.kt:4:12 
Unresolved reference 
'squareup'.
e: file:///D:/Projects/Jik
anAPI/app/src/main/java/co
m/jikanAPI/data/remote/dto
/AnimeDto.kt:7:6 
Unresolved reference 
'Json'.
e: file:///D:/Projects/Jik
anAPI/app/src/main/java/co
m/jikanAPI/data/remote/dto
/AnimeDto.kt:11:6 
Unresolved reference 
'Json'.
e: file:///D:/Projects/Jik
anAPI/app/src/main/java/co
m/jikanAPI/data/remote/dto
/AnimeDto.kt:45:6 
Unresolved reference 
'Json'.
e: file:///D:/Projects/Jik
anAPI/app/src/main/java/co
m/jikanAPI/data/repository
/AnimeRepositoryImpl.kt:11
:8 Unresolved reference 
'retrofit2'.
e: file:///D:/Projects/Jik
anAPI/app/src/main/java/co
m/jikanAPI/data/repository
/AnimeRepositoryImpl.kt:45
:21 Unresolved reference 
'HttpException'.
e: file:///D:/Projects/Jik
anAPI/app/src/main/java/co
m/jikanAPI/data/repository
/AnimeRepositoryImpl.kt:79
:21 Unresolved reference 
'HttpException'.
e: file:///D:/Projects/Jik
anAPI/app/src/main/java/co
m/jikanAPI/di/AppModule.kt
:4:17 Unresolved 
reference 'room'.
e: file:///D:/Projects/Jik
anAPI/app/src/main/java/co
m/jikanAPI/di/AppModule.kt
:13:8 Unresolved 
reference 'retrofit2'.
e: file:///D:/Projects/Jik
anAPI/app/src/main/java/co
m/jikanAPI/di/AppModule.kt
:14:8 Unresolved 
reference 'retrofit2'.
e: file:///D:/Projects/Jik
anAPI/app/src/main/java/co
m/jikanAPI/di/AppModule.kt
:24:16 Unresolved 
reference 'Retrofit'.
e: file:///D:/Projects/Jik
anAPI/app/src/main/java/co
m/jikanAPI/di/AppModule.kt
:26:34 Unresolved 
reference 
'MoshiConverterFactory'.
e: file:///D:/Projects/Jik
anAPI/app/src/main/java/co
m/jikanAPI/di/AppModule.kt
:34:16 Unresolved 
reference 'Room'.
e: file:///D:/Projects/Jik
anAPI/app/src/main/java/co
m/jikanAPI/presentation/de
tail/AnimeDetailScreen.kt:
21:17 Unresolved 
reference 'hilt'.
e: file:///D:/Projects/Jik
anAPI/app/src/main/java/co
m/jikanAPI/presentation/de
tail/AnimeDetailScreen.kt:
22:8 Unresolved reference 
'coil'.
e: file:///D:/Projects/Jik
anAPI/app/src/main/java/co
m/jikanAPI/presentation/de
tail/AnimeDetailScreen.kt:
27:39 Unresolved 
reference 'hiltViewModel'.
e: file:///D:/Projects/Jik
anAPI/app/src/main/java/co
m/jikanAPI/presentation/de
tail/AnimeDetailScreen.kt:
61:25 Unresolved 
reference 'AsyncImage'.
e: file:///D:/Projects/Jik
anAPI/app/src/main/java/co
m/jikanAPI/presentation/li
st/AnimeListScreen.kt:17:1
7 Unresolved reference 
'hilt'.
e: file:///D:/Projects/Jik
anAPI/app/src/main/java/co
m/jikanAPI/presentation/li
st/AnimeListScreen.kt:18:1
7 Unresolved reference 
'navigation'.
e: file:///D:/Projects/Jik
anAPI/app/src/main/java/co
m/jikanAPI/presentation/li
st/AnimeListScreen.kt:23:2
0 Unresolved reference 
'NavController'.
e: file:///D:/Projects/Jik
anAPI/app/src/main/java/co
m/jikanAPI/presentation/li
st/AnimeListScreen.kt:24:3
7 Unresolved reference 
'hiltViewModel'.
e: file:///D:/Projects/Jik
anAPI/app/src/main/java/co
m/jikanAPI/presentation/li
st/AnimeListScreen.kt:39:4
3 Unresolved reference 
'navigate'.
e: file:///D:/Projects/Jik
anAPI/app/src/main/java/co
m/jikanAPI/presentation/li
st/components/AnimeItem.kt
:18:8 Unresolved 
reference 'coil'.
e: file:///D:/Projects/Jik
anAPI/app/src/main/java/co
m/jikanAPI/presentation/li
st/components/AnimeItem.kt
:40:13 Unresolved 
reference 'AsyncImage'.

FAILURE: Build failed 
with an exception.

* What went wrong:
Execution failed for task 
':app:compileDebugKotlin'.
> A failure occurred 
while executing org.jetbra
ins.kotlin.compilerRunner.
GradleCompilerRunnerWithWo
rkers$GradleKotlinCompiler
WorkAction
   > Compilation error. 
See log for more details

* Try:
> Run with --info or 
--debug option to get 
more log output.
> Run with --scan to get 
full insights.
> Get more help at 
https://help.gradle.org.

* Exception is:
org.gradle.api.tasks.TaskE
xecutionException: 
Execution failed for task 
':app:compileDebugKotlin'.
	at org.gradle.api.interna
l.tasks.execution.ExecuteA
ctionsTaskExecuter.lambda$
executeIfValid$1(ExecuteAc
tionsTaskExecuter.java:130
)
	at org.gradle.internal.Tr
y$Failure.ifSuccessfulOrEl
se(Try.java:293)
	at org.gradle.api.interna
l.tasks.execution.ExecuteA
ctionsTaskExecuter.execute
IfValid(ExecuteActionsTask
Executer.java:128)
	at org.gradle.api.interna
l.tasks.execution.ExecuteA
ctionsTaskExecuter.execute
(ExecuteActionsTaskExecute
r.java:116)
	at org.gradle.api.interna
l.tasks.execution.Problems
TaskPathTrackingTaskExecut
er.execute(ProblemsTaskPat
hTrackingTaskExecuter.java
:40)
	at org.gradle.api.interna
l.tasks.execution.Finalize
PropertiesTaskExecuter.exe
cute(FinalizePropertiesTas
kExecuter.java:46)
	at org.gradle.api.interna
l.tasks.execution.ResolveT
askExecutionModeExecuter.e
xecute(ResolveTaskExecutio
nModeExecuter.java:51)
	at org.gradle.api.interna
l.tasks.execution.SkipTask
WithNoActionsExecuter.exec
ute(SkipTaskWithNoActionsE
xecuter.java:57)
	at org.gradle.api.interna
l.tasks.execution.SkipOnly
IfTaskExecuter.execute(Ski
pOnlyIfTaskExecuter.java:7
4)
	at org.gradle.api.interna
l.tasks.execution.CatchExc
eptionTaskExecuter.execute
(CatchExceptionTaskExecute
r.java:36)
	at org.gradle.api.interna
l.tasks.execution.EventFir
ingTaskExecuter$1.executeT
ask(EventFiringTaskExecute
r.java:77)
	at org.gradle.api.interna
l.tasks.execution.EventFir
ingTaskExecuter$1.call(Eve
ntFiringTaskExecuter.java:
55)
	at org.gradle.api.interna
l.tasks.execution.EventFir
ingTaskExecuter$1.call(Eve
ntFiringTaskExecuter.java:
52)
	at org.gradle.internal.op
erations.DefaultBuildOpera
tionRunner$CallableBuildOp
erationWorker.execute(Defa
ultBuildOperationRunner.ja
va:210)
	at org.gradle.internal.op
erations.DefaultBuildOpera
tionRunner$CallableBuildOp
erationWorker.execute(Defa
ultBuildOperationRunner.ja
va:205)
	at org.gradle.internal.op
erations.DefaultBuildOpera
tionRunner$2.execute(Defau
ltBuildOperationRunner.jav
a:67)
	at org.gradle.internal.op
erations.DefaultBuildOpera
tionRunner$2.execute(Defau
ltBuildOperationRunner.jav
a:60)
	at org.gradle.internal.op
erations.DefaultBuildOpera
tionRunner.execute(Default
BuildOperationRunner.java:
167)
	at org.gradle.internal.op
erations.DefaultBuildOpera
tionRunner.execute(Default
BuildOperationRunner.java:
60)
	at org.gradle.internal.op
erations.DefaultBuildOpera
tionRunner.call(DefaultBui
ldOperationRunner.java:54)
	at org.gradle.api.interna
l.tasks.execution.EventFir
ingTaskExecuter.execute(Ev
entFiringTaskExecuter.java
:52)
	at org.gradle.execution.p
lan.LocalTaskNodeExecutor.
execute(LocalTaskNodeExecu
tor.java:42)
	at org.gradle.execution.t
askgraph.DefaultTaskExecut
ionGraph$InvokeNodeExecuto
rsAction.execute(DefaultTa
skExecutionGraph.java:331)
	at org.gradle.execution.t
askgraph.DefaultTaskExecut
ionGraph$InvokeNodeExecuto
rsAction.execute(DefaultTa
skExecutionGraph.java:318)
	at org.gradle.execution.t
askgraph.DefaultTaskExecut
ionGraph$BuildOperationAwa
reExecutionAction.lambda$e
xecute$0(DefaultTaskExecut
ionGraph.java:314)
	at org.gradle.internal.op
erations.CurrentBuildOpera
tionRef.with(CurrentBuildO
perationRef.java:85)
	at org.gradle.execution.t
askgraph.DefaultTaskExecut
ionGraph$BuildOperationAwa
reExecutionAction.execute(
DefaultTaskExecutionGraph.
java:314)
	at org.gradle.execution.t
askgraph.DefaultTaskExecut
ionGraph$BuildOperationAwa
reExecutionAction.execute(
DefaultTaskExecutionGraph.
java:303)
	at org.gradle.execution.p
lan.DefaultPlanExecutor$Ex
ecutorWorker.execute(Defau
ltPlanExecutor.java:459)
	at org.gradle.execution.p
lan.DefaultPlanExecutor$Ex
ecutorWorker.run(DefaultPl
anExecutor.java:376)
	at org.gradle.internal.co
ncurrent.ExecutorPolicy$Ca
tchAndRecordFailures.onExe
cute(ExecutorPolicy.java:6
4)
	at org.gradle.internal.co
ncurrent.AbstractManagedEx
ecutor$1.run(AbstractManag
edExecutor.java:48)
Caused by: org.gradle.work
ers.internal.DefaultWorker
Executor$WorkExecutionExce
ption: A failure occurred 
while executing org.jetbra
ins.kotlin.compilerRunner.
GradleCompilerRunnerWithWo
rkers$GradleKotlinCompiler
WorkAction
	at org.gradle.workers.int
ernal.DefaultWorkerExecuto
r$WorkItemExecution.waitFo
rCompletion(DefaultWorkerE
xecutor.java:287)
	at org.gradle.internal.wo
rk.DefaultAsyncWorkTracker
.lambda$waitForItemsAndGat
herFailures$2(DefaultAsync
WorkTracker.java:130)
	at org.gradle.internal.Fa
ctories$1.create(Factories
.java:31)
	at org.gradle.internal.wo
rk.DefaultWorkerLeaseServi
ce.withoutLocks(DefaultWor
kerLeaseService.java:335)
	at org.gradle.internal.wo
rk.DefaultWorkerLeaseServi
ce.withoutLocks(DefaultWor
kerLeaseService.java:318)
	at org.gradle.internal.wo
rk.DefaultWorkerLeaseServi
ce.withoutLock(DefaultWork
erLeaseService.java:323)
	at org.gradle.internal.wo
rk.DefaultAsyncWorkTracker
.waitForItemsAndGatherFail
ures(DefaultAsyncWorkTrack
er.java:126)
	at org.gradle.internal.wo
rk.DefaultAsyncWorkTracker
.waitForItemsAndGatherFail
ures(DefaultAsyncWorkTrack
er.java:92)
	at org.gradle.internal.wo
rk.DefaultAsyncWorkTracker
.waitForAll(DefaultAsyncWo
rkTracker.java:78)
	at org.gradle.internal.wo
rk.DefaultAsyncWorkTracker
.waitForCompletion(Default
AsyncWorkTracker.java:66)
	at org.gradle.api.interna
l.tasks.execution.TaskExec
ution$3.run(TaskExecution.
java:252)
	at org.gradle.internal.op
erations.DefaultBuildOpera
tionRunner$1.execute(Defau
ltBuildOperationRunner.jav
a:30)
	at org.gradle.internal.op
erations.DefaultBuildOpera
tionRunner$1.execute(Defau
ltBuildOperationRunner.jav
a:27)
	at org.gradle.internal.op
erations.DefaultBuildOpera
tionRunner$2.execute(Defau
ltBuildOperationRunner.jav
a:67)
	at org.gradle.internal.op
erations.DefaultBuildOpera
tionRunner$2.execute(Defau
ltBuildOperationRunner.jav
a:60)
	at org.gradle.internal.op
erations.DefaultBuildOpera
tionRunner.execute(Default
BuildOperationRunner.java:
167)
	at org.gradle.internal.op
erations.DefaultBuildOpera
tionRunner.execute(Default
BuildOperationRunner.java:
60)
	at org.gradle.internal.op
erations.DefaultBuildOpera
tionRunner.run(DefaultBuil
dOperationRunner.java:48)
	at org.gradle.api.interna
l.tasks.execution.TaskExec
ution.executeAction(TaskEx
ecution.java:229)
	at org.gradle.api.interna
l.tasks.execution.TaskExec
ution.executeActions(TaskE
xecution.java:212)
	at org.gradle.api.interna
l.tasks.execution.TaskExec
ution.executeWithPreviousO
utputFiles(TaskExecution.j
ava:195)
	at org.gradle.api.interna
l.tasks.execution.TaskExec
ution.execute(TaskExecutio
n.java:162)
	at org.gradle.internal.ex
ecution.steps.ExecuteStep.
executeInternal(ExecuteSte
p.java:105)
	at org.gradle.internal.ex
ecution.steps.ExecuteStep.
access$000(ExecuteStep.jav
a:44)
	at org.gradle.internal.ex
ecution.steps.ExecuteStep$
1.call(ExecuteStep.java:59
)
	at org.gradle.internal.ex
ecution.steps.ExecuteStep$
1.call(ExecuteStep.java:56
)
	at org.gradle.internal.op
erations.DefaultBuildOpera
tionRunner$CallableBuildOp
erationWorker.execute(Defa
ultBuildOperationRunner.ja
va:210)
	at org.gradle.internal.op
erations.DefaultBuildOpera
tionRunner$CallableBuildOp
erationWorker.execute(Defa
ultBuildOperationRunner.ja
va:205)
	at org.gradle.internal.op
erations.DefaultBuildOpera
tionRunner$2.execute(Defau
ltBuildOperationRunner.jav
a:67)
	at org.gradle.internal.op
erations.DefaultBuildOpera
tionRunner$2.execute(Defau
ltBuildOperationRunner.jav
a:60)
	at org.gradle.internal.op
erations.DefaultBuildOpera
tionRunner.execute(Default
BuildOperationRunner.java:
167)
	at org.gradle.internal.op
erations.DefaultBuildOpera
tionRunner.execute(Default
BuildOperationRunner.java:
60)
	at org.gradle.internal.op
erations.DefaultBuildOpera
tionRunner.call(DefaultBui
ldOperationRunner.java:54)
	at org.gradle.internal.ex
ecution.steps.ExecuteStep.
execute(ExecuteStep.java:5
6)
	at org.gradle.internal.ex
ecution.steps.ExecuteStep.
execute(ExecuteStep.java:4
4)
	at org.gradle.internal.ex
ecution.steps.CancelExecut
ionStep.execute(CancelExec
utionStep.java:42)
	at org.gradle.internal.ex
ecution.steps.TimeoutStep.
executeWithoutTimeout(Time
outStep.java:75)
	at org.gradle.internal.ex
ecution.steps.TimeoutStep.
execute(TimeoutStep.java:5
5)
	at org.gradle.internal.ex
ecution.steps.PreCreateOut
putParentsStep.execute(Pre
CreateOutputParentsStep.ja
va:50)
	at org.gradle.internal.ex
ecution.steps.PreCreateOut
putParentsStep.execute(Pre
CreateOutputParentsStep.ja
va:28)
	at org.gradle.internal.ex
ecution.steps.RemovePrevio
usOutputsStep.execute(Remo
vePreviousOutputsStep.java
:67)
	at org.gradle.internal.ex
ecution.steps.RemovePrevio
usOutputsStep.execute(Remo
vePreviousOutputsStep.java
:37)
	at org.gradle.internal.ex
ecution.steps.BroadcastCha
ngingOutputsStep.execute(B
roadcastChangingOutputsSte
p.java:61)
	at org.gradle.internal.ex
ecution.steps.BroadcastCha
ngingOutputsStep.execute(B
roadcastChangingOutputsSte
p.java:26)
	at org.gradle.internal.ex
ecution.steps.CaptureOutpu
tsAfterExecutionStep.execu
te(CaptureOutputsAfterExec
utionStep.java:69)
	at org.gradle.internal.ex
ecution.steps.CaptureOutpu
tsAfterExecutionStep.execu
te(CaptureOutputsAfterExec
utionStep.java:46)
	at org.gradle.internal.ex
ecution.steps.ResolveInput
ChangesStep.execute(Resolv
eInputChangesStep.java:40)
	at org.gradle.internal.ex
ecution.steps.ResolveInput
ChangesStep.execute(Resolv
eInputChangesStep.java:29)
	at org.gradle.internal.ex
ecution.steps.BuildCacheSt
ep.executeWithoutCache(Bui
ldCacheStep.java:189)
	at org.gradle.internal.ex
ecution.steps.BuildCacheSt
ep.lambda$execute$1(BuildC
acheStep.java:75)
	at org.gradle.internal.Ei
ther$Right.fold(Either.jav
a:175)
	at org.gradle.internal.ex
ecution.caching.CachingSta
te.fold(CachingState.java:
62)
	at org.gradle.internal.ex
ecution.steps.BuildCacheSt
ep.execute(BuildCacheStep.
java:73)
	at org.gradle.internal.ex
ecution.steps.BuildCacheSt
ep.execute(BuildCacheStep.
java:48)
	at org.gradle.internal.ex
ecution.steps.StoreExecuti
onStateStep.execute(StoreE
xecutionStateStep.java:46)
	at org.gradle.internal.ex
ecution.steps.StoreExecuti
onStateStep.execute(StoreE
xecutionStateStep.java:35)
	at org.gradle.internal.ex
ecution.steps.SkipUpToDate
Step.executeBecause(SkipUp
ToDateStep.java:75)
	at org.gradle.internal.ex
ecution.steps.SkipUpToDate
Step.lambda$execute$2(Skip
UpToDateStep.java:53)
	at org.gradle.internal.ex
ecution.steps.SkipUpToDate
Step.execute(SkipUpToDateS
tep.java:53)
	at org.gradle.internal.ex
ecution.steps.SkipUpToDate
Step.execute(SkipUpToDateS
tep.java:35)
	at org.gradle.internal.ex
ecution.steps.legacy.MarkS
napshottingInputsFinishedS
tep.execute(MarkSnapshotti
ngInputsFinishedStep.java:
37)
	at org.gradle.internal.ex
ecution.steps.legacy.MarkS
napshottingInputsFinishedS
tep.execute(MarkSnapshotti
ngInputsFinishedStep.java:
27)
	at org.gradle.internal.ex
ecution.steps.ResolveIncre
mentalCachingStateStep.exe
cuteDelegate(ResolveIncrem
entalCachingStateStep.java
:49)
	at org.gradle.internal.ex
ecution.steps.ResolveIncre
mentalCachingStateStep.exe
cuteDelegate(ResolveIncrem
entalCachingStateStep.java
:27)
	at org.gradle.internal.ex
ecution.steps.AbstractReso
lveCachingStateStep.execut
e(AbstractResolveCachingSt
ateStep.java:71)
	at org.gradle.internal.ex
ecution.steps.AbstractReso
lveCachingStateStep.execut
e(AbstractResolveCachingSt
ateStep.java:39)
	at org.gradle.internal.ex
ecution.steps.ResolveChang
esStep.execute(ResolveChan
gesStep.java:65)
	at org.gradle.internal.ex
ecution.steps.ResolveChang
esStep.execute(ResolveChan
gesStep.java:36)
	at org.gradle.internal.ex
ecution.steps.ValidateStep
.execute(ValidateStep.java
:107)
	at org.gradle.internal.ex
ecution.steps.ValidateStep
.execute(ValidateStep.java
:56)
	at org.gradle.internal.ex
ecution.steps.AbstractCapt
ureStateBeforeExecutionSte
p.execute(AbstractCaptureS
tateBeforeExecutionStep.ja
va:64)
	at org.gradle.internal.ex
ecution.steps.AbstractCapt
ureStateBeforeExecutionSte
p.execute(AbstractCaptureS
tateBeforeExecutionStep.ja
va:43)
	at org.gradle.internal.ex
ecution.steps.AbstractSkip
EmptyWorkStep.executeWithN
onEmptySources(AbstractSki
pEmptyWorkStep.java:125)
	at org.gradle.internal.ex
ecution.steps.AbstractSkip
EmptyWorkStep.execute(Abst
ractSkipEmptyWorkStep.java
:61)
	at org.gradle.internal.ex
ecution.steps.AbstractSkip
EmptyWorkStep.execute(Abst
ractSkipEmptyWorkStep.java
:36)
	at org.gradle.internal.ex
ecution.steps.legacy.MarkS
napshottingInputsStartedSt
ep.execute(MarkSnapshottin
gInputsStartedStep.java:38
)
	at org.gradle.internal.ex
ecution.steps.LoadPrevious
ExecutionStateStep.execute
(LoadPreviousExecutionStat
eStep.java:36)
	at org.gradle.internal.ex
ecution.steps.LoadPrevious
ExecutionStateStep.execute
(LoadPreviousExecutionStat
eStep.java:23)
	at org.gradle.internal.ex
ecution.steps.HandleStaleO
utputsStep.execute(HandleS
taleOutputsStep.java:75)
	at org.gradle.internal.ex
ecution.steps.HandleStaleO
utputsStep.execute(HandleS
taleOutputsStep.java:41)
	at org.gradle.internal.ex
ecution.steps.AssignMutabl
eWorkspaceStep.lambda$exec
ute$0(AssignMutableWorkspa
ceStep.java:35)
	at org.gradle.api.interna
l.tasks.execution.TaskExec
ution$4.withWorkspace(Task
Execution.java:289)
	at org.gradle.internal.ex
ecution.steps.AssignMutabl
eWorkspaceStep.execute(Ass
ignMutableWorkspaceStep.ja
va:31)
	at org.gradle.internal.ex
ecution.steps.AssignMutabl
eWorkspaceStep.execute(Ass
ignMutableWorkspaceStep.ja
va:22)
	at org.gradle.internal.ex
ecution.steps.ChoosePipeli
neStep.execute(ChoosePipel
ineStep.java:40)
	at org.gradle.internal.ex
ecution.steps.ChoosePipeli
neStep.execute(ChoosePipel
ineStep.java:23)
	at org.gradle.internal.ex
ecution.steps.ExecuteWorkB
uildOperationFiringStep.la
mbda$execute$2(ExecuteWork
BuildOperationFiringStep.j
ava:67)
	at org.gradle.internal.ex
ecution.steps.ExecuteWorkB
uildOperationFiringStep.ex
ecute(ExecuteWorkBuildOper
ationFiringStep.java:67)
	at org.gradle.internal.ex
ecution.steps.ExecuteWorkB
uildOperationFiringStep.ex
ecute(ExecuteWorkBuildOper
ationFiringStep.java:39)
	at org.gradle.internal.ex
ecution.steps.IdentityCach
eStep.execute(IdentityCach
eStep.java:46)
	at org.gradle.internal.ex
ecution.steps.IdentityCach
eStep.execute(IdentityCach
eStep.java:34)
	at org.gradle.internal.ex
ecution.steps.IdentifyStep
.execute(IdentifyStep.java
:48)
	at org.gradle.internal.ex
ecution.steps.IdentifyStep
.execute(IdentifyStep.java
:35)
	at org.gradle.internal.ex
ecution.impl.DefaultExecut
ionEngine$1.execute(Defaul
tExecutionEngine.java:61)
	at org.gradle.api.interna
l.tasks.execution.ExecuteA
ctionsTaskExecuter.execute
IfValid(ExecuteActionsTask
Executer.java:127)
	at org.gradle.api.interna
l.tasks.execution.ExecuteA
ctionsTaskExecuter.execute
(ExecuteActionsTaskExecute
r.java:116)
	at org.gradle.api.interna
l.tasks.execution.Problems
TaskPathTrackingTaskExecut
er.execute(ProblemsTaskPat
hTrackingTaskExecuter.java
:40)
	at org.gradle.api.interna
l.tasks.execution.Finalize
PropertiesTaskExecuter.exe
cute(FinalizePropertiesTas
kExecuter.java:46)
	at org.gradle.api.interna
l.tasks.execution.ResolveT
askExecutionModeExecuter.e
xecute(ResolveTaskExecutio
nModeExecuter.java:51)
	at org.gradle.api.interna
l.tasks.execution.SkipTask
WithNoActionsExecuter.exec
ute(SkipTaskWithNoActionsE
xecuter.java:57)
	at org.gradle.api.interna
l.tasks.execution.SkipOnly
IfTaskExecuter.execute(Ski
pOnlyIfTaskExecuter.java:7
4)
	at org.gradle.api.interna
l.tasks.execution.CatchExc
eptionTaskExecuter.execute
(CatchExceptionTaskExecute
r.java:36)
	at org.gradle.api.interna
l.tasks.execution.EventFir
ingTaskExecuter$1.executeT
ask(EventFiringTaskExecute
r.java:77)
	at org.gradle.api.interna
l.tasks.execution.EventFir
ingTaskExecuter$1.call(Eve
ntFiringTaskExecuter.java:
55)
	at org.gradle.api.interna
l.tasks.execution.EventFir
ingTaskExecuter$1.call(Eve
ntFiringTaskExecuter.java:
52)
	at org.gradle.internal.op
erations.DefaultBuildOpera
tionRunner$CallableBuildOp
erationWorker.execute(Defa
ultBuildOperationRunner.ja
va:210)
	at org.gradle.internal.op
erations.DefaultBuildOpera
tionRunner$CallableBuildOp
erationWorker.execute(Defa
ultBuildOperationRunner.ja
va:205)
	at org.gradle.internal.op
erations.DefaultBuildOpera
tionRunner$2.execute(Defau
ltBuildOperationRunner.jav
a:67)
	at org.gradle.internal.op
erations.DefaultBuildOpera
tionRunner$2.execute(Defau
ltBuildOperationRunner.jav
a:60)
	at org.gradle.internal.op
erations.DefaultBuildOpera
tionRunner.execute(Default
BuildOperationRunner.java:
167)
	at org.gradle.internal.op
erations.DefaultBuildOpera
tionRunner.execute(Default
BuildOperationRunner.java:
60)
	at org.gradle.internal.op
erations.DefaultBuildOpera
tionRunner.call(DefaultBui
ldOperationRunner.java:54)
31 actionable tasks: 1 executed, 30 up-to-date
	at org.gradle.api.interna
l.tasks.execution.EventFir
ingTaskExecuter.execute(Ev
entFiringTaskExecuter.java
:52)
	at org.gradle.execution.p
lan.LocalTaskNodeExecutor.
execute(LocalTaskNodeExecu
tor.java:42)
	at org.gradle.execution.t
askgraph.DefaultTaskExecut
ionGraph$InvokeNodeExecuto
rsAction.execute(DefaultTa
skExecutionGraph.java:331)
	at org.gradle.execution.t
askgraph.DefaultTaskExecut
ionGraph$InvokeNodeExecuto
rsAction.execute(DefaultTa
skExecutionGraph.java:318)
	at org.gradle.execution.t
askgraph.DefaultTaskExecut
ionGraph$BuildOperationAwa
reExecutionAction.lambda$e
xecute$0(DefaultTaskExecut
ionGraph.java:314)
	at org.gradle.internal.op
erations.CurrentBuildOpera
tionRef.with(CurrentBuildO
perationRef.java:85)
	at org.gradle.execution.t
askgraph.DefaultTaskExecut
ionGraph$BuildOperationAwa
reExecutionAction.execute(
DefaultTaskExecutionGraph.
java:314)
	at org.gradle.execution.t
askgraph.DefaultTaskExecut
ionGraph$BuildOperationAwa
reExecutionAction.execute(
DefaultTaskExecutionGraph.
java:303)
	at org.gradle.execution.p
lan.DefaultPlanExecutor$Ex
ecutorWorker.execute(Defau
ltPlanExecutor.java:459)
	at org.gradle.execution.p
lan.DefaultPlanExecutor$Ex
ecutorWorker.run(DefaultPl
anExecutor.java:376)
	at org.gradle.internal.co
ncurrent.ExecutorPolicy$Ca
tchAndRecordFailures.onExe
cute(ExecutorPolicy.java:6
4)
	at org.gradle.internal.co
ncurrent.AbstractManagedEx
ecutor$1.run(AbstractManag
edExecutor.java:48)
Caused by: org.jetbrains.k
otlin.gradle.tasks.Compila
tionErrorException: 
Compilation error. See 
log for more details
	at org.jetbrains.kotlin.g
radle.tasks.TasksUtilsKt.t
hrowExceptionIfCompilation
Failed(tasksUtils.kt:21)
	at org.jetbrains.kotlin.c
ompilerRunner.GradleKotlin
CompilerWork.run(GradleKot
linCompilerWork.kt:119)
	at org.jetbrains.kotlin.c
ompilerRunner.GradleCompil
erRunnerWithWorkers$Gradle
KotlinCompilerWorkAction.e
xecute(GradleCompilerRunne
rWithWorkers.kt:76)
	at org.gradle.workers.int
ernal.DefaultWorkerServer.
execute(DefaultWorkerServe
r.java:63)
	at org.gradle.workers.int
ernal.NoIsolationWorkerFac
tory$1$1.create(NoIsolatio
nWorkerFactory.java:66)
	at org.gradle.workers.int
ernal.NoIsolationWorkerFac
tory$1$1.create(NoIsolatio
nWorkerFactory.java:62)
	at org.gradle.internal.cl
assloader.ClassLoaderUtils
.executeInClassloader(Clas
sLoaderUtils.java:100)
	at org.gradle.workers.int
ernal.NoIsolationWorkerFac
tory$1.lambda$execute$0(No
IsolationWorkerFactory.jav
a:62)
	at org.gradle.workers.int
ernal.AbstractWorker$1.cal
l(AbstractWorker.java:44)
	at org.gradle.workers.int
ernal.AbstractWorker$1.cal
l(AbstractWorker.java:41)
	at org.gradle.internal.op
erations.DefaultBuildOpera
tionRunner$CallableBuildOp
erationWorker.execute(Defa
ultBuildOperationRunner.ja
va:210)
	at org.gradle.internal.op
erations.DefaultBuildOpera
tionRunner$CallableBuildOp
erationWorker.execute(Defa
ultBuildOperationRunner.ja
va:205)
	at org.gradle.internal.op
erations.DefaultBuildOpera
tionRunner$2.execute(Defau
ltBuildOperationRunner.jav
a:67)
	at org.gradle.internal.op
erations.DefaultBuildOpera
tionRunner$2.execute(Defau
ltBuildOperationRunner.jav
a:60)
	at org.gradle.internal.op
erations.DefaultBuildOpera
tionRunner.execute(Default
BuildOperationRunner.java:
167)
	at org.gradle.internal.op
erations.DefaultBuildOpera
tionRunner.execute(Default
BuildOperationRunner.java:
60)
	at org.gradle.internal.op
erations.DefaultBuildOpera
tionRunner.call(DefaultBui
ldOperationRunner.java:54)
	at org.gradle.workers.int
ernal.AbstractWorker.execu
teWrappedInBuildOperation(
AbstractWorker.java:41)
	at org.gradle.workers.int
ernal.NoIsolationWorkerFac
tory$1.execute(NoIsolation
WorkerFactory.java:59)
	at org.gradle.workers.int
ernal.DefaultWorkerExecuto
r.lambda$submitWork$0(Defa
ultWorkerExecutor.java:174
)
	at org.gradle.internal.wo
rk.DefaultConditionalExecu
tionQueue$ExecutionRunner.
runExecution(DefaultCondit
ionalExecutionQueue.java:1
94)
	at org.gradle.internal.wo
rk.DefaultConditionalExecu
tionQueue$ExecutionRunner.
access$700(DefaultConditio
nalExecutionQueue.java:127
)
	at org.gradle.internal.wo
rk.DefaultConditionalExecu
tionQueue$ExecutionRunner$
1.run(DefaultConditionalEx
ecutionQueue.java:169)
	at org.gradle.internal.Fa
ctories$1.create(Factories
.java:31)
	at org.gradle.internal.wo
rk.DefaultWorkerLeaseServi
ce.withLocks(DefaultWorker
LeaseService.java:263)
	at org.gradle.internal.wo
rk.DefaultWorkerLeaseServi
ce.runAsWorkerThread(Defau
ltWorkerLeaseService.java:
127)
	at org.gradle.internal.wo
rk.DefaultWorkerLeaseServi
ce.runAsWorkerThread(Defau
ltWorkerLeaseService.java:
132)
	at org.gradle.internal.wo
rk.DefaultConditionalExecu
tionQueue$ExecutionRunner.
runBatch(DefaultConditiona
lExecutionQueue.java:164)
	at org.gradle.internal.wo
rk.DefaultConditionalExecu
tionQueue$ExecutionRunner.
run(DefaultConditionalExec
utionQueue.java:133)
	... 2 more


BUILD FAILED in 4s
